
2022-09-10T17:31:07UTC - Running script test
----------------------------------------------------------------------
Number of steps: 4 (originally, 4)
Used memory cells: 11
Register values after execution:
pc = 12
ap = 12
fp = 12

----------------------------------------------------------------------
Finished running script test

2022-09-10T17:31:21UTC - Running script test
----------------------------------------------------------------------
Number of steps: 4 (originally, 4)
Used memory cells: 11
Register values after execution:
pc = 12
ap = 12
fp = 12

----------------------------------------------------------------------
Finished running script test

2022-09-12T04:12:01UTC - Running script test
----------------------------------------------------------------------
----------------------------------------------------------------------
Finished running script test

2022-09-12T04:12:53UTC - Running script test
----------------------------------------------------------------------
Number of steps: 4 (originally, 4)
Used memory cells: 11
Register values after execution:
pc = 12
ap = 12
fp = 12

----------------------------------------------------------------------
Finished running script test

2022-09-12T04:23:41UTC - Running script test
----------------------------------------------------------------------
Number of steps: 4 (originally, 4)
Used memory cells: 11
Register values after execution:
pc = 12
ap = 12
fp = 12

----------------------------------------------------------------------
Finished running script test

2022-09-12T04:29:52UTC - Running script test
----------------------------------------------------------------------
Number of steps: 4 (originally, 4)
Used memory cells: 11
Register values after execution:
pc = 12
ap = 12
fp = 12

----------------------------------------------------------------------
Finished running script test

2022-09-12T09:19:41UTC - Running script test
----------------------------------------------------------------------
Number of steps: 4 (originally, 4)
Used memory cells: 11
Register values after execution:
pc = 12
ap = 12
fp = 12

----------------------------------------------------------------------
Finished running script test

2022-09-14T10:18:02UTC - Running script test
----------------------------------------------------------------------
Number of steps: 4 (originally, 4)
Used memory cells: 11
Register values after execution:
pc = 12
ap = 12
fp = 12

----------------------------------------------------------------------
Finished running script test

2022-09-14T10:22:08UTC - Running script test
----------------------------------------------------------------------
============================= test session starts ==============================
platform linux -- Python 3.9.13, pytest-7.1.3, pluggy-1.0.0
rootdir: /code
plugins: asyncio-0.19.0, web3-5.30.0, typeguard-2.13.3
asyncio: mode=strict
collected 0 items / 1 error

==================================== ERRORS ====================================
____________________ ERROR collecting src/contract.test.py _____________________
ImportError while importing test module '/code/src/contract.test.py'.
Hint: make sure your test modules/packages have valid Python names.
Traceback:
/usr/local/lib/python3.9/importlib/__init__.py:127: in import_module
    return _bootstrap._gcd_import(name[level:], package, level)
E   ModuleNotFoundError: No module named 'contract'
=========================== short test summary info ============================
ERROR src/contract.test.py
!!!!!!!!!!!!!!!!!!!! Interrupted: 1 error during collection !!!!!!!!!!!!!!!!!!!!
=============================== 1 error in 0.05s ===============================
----------------------------------------------------------------------
Finished running script test

2022-09-14T10:24:40UTC - Running script test
----------------------------------------------------------------------
============================= test session starts ==============================
platform linux -- Python 3.9.13, pytest-7.1.3, pluggy-1.0.0
rootdir: /code
plugins: asyncio-0.19.0, web3-5.30.0, typeguard-2.13.3
asyncio: mode=strict
collected 1 item

src/contract_test.py .                                                   [100%]

=============================== warnings summary ===============================
../usr/local/lib/python3.9/site-packages/frozendict/__init__.py:16
  /usr/local/lib/python3.9/site-packages/frozendict/__init__.py:16: DeprecationWarning: Using or importing the ABCs from 'collections' instead of from 'collections.abc' is deprecated since Python 3.3, and in 3.10 it will stop working
    class frozendict(collections.Mapping):

-- Docs: https://docs.pytest.org/en/stable/how-to/capture-warnings.html
========================= 1 passed, 1 warning in 2.43s =========================
----------------------------------------------------------------------
Finished running script test

2022-09-14T10:33:17UTC - Running script test
----------------------------------------------------------------------
============================= test session starts ==============================
platform linux -- Python 3.9.13, pytest-7.1.3, pluggy-1.0.0
rootdir: /code
plugins: asyncio-0.19.0, web3-5.30.0, typeguard-2.13.3
asyncio: mode=strict
collected 0 items / 1 error

==================================== ERRORS ====================================
____________________ ERROR collecting src/contract_test.py _____________________
/usr/local/lib/python3.9/site-packages/_pytest/python.py:608: in _importtestmodule
    mod = import_path(self.path, mode=importmode, root=self.config.rootpath)
/usr/local/lib/python3.9/site-packages/_pytest/pathlib.py:533: in import_path
    importlib.import_module(module_name)
/usr/local/lib/python3.9/importlib/__init__.py:127: in import_module
    return _bootstrap._gcd_import(name[level:], package, level)
<frozen importlib._bootstrap>:1030: in _gcd_import
    ???
<frozen importlib._bootstrap>:1007: in _find_and_load
    ???
<frozen importlib._bootstrap>:986: in _find_and_load_unlocked
    ???
<frozen importlib._bootstrap>:680: in _load_unlocked
    ???
/usr/local/lib/python3.9/site-packages/_pytest/assertion/rewrite.py:159: in exec_module
    source_stat, co = _rewrite_test(fn, self.config)
/usr/local/lib/python3.9/site-packages/_pytest/assertion/rewrite.py:337: in _rewrite_test
    tree = ast.parse(source, filename=strfn)
/usr/local/lib/python3.9/ast.py:50: in parse
    return compile(source, filename, mode, flags,
E     File "/code/src/contract_test.py", line 30
E       	print( execution_info.result )
E       ^
E   TabError: inconsistent use of tabs and spaces in indentation
=========================== short test summary info ============================
ERROR src/contract_test.py
!!!!!!!!!!!!!!!!!!!! Interrupted: 1 error during collection !!!!!!!!!!!!!!!!!!!!
=============================== 1 error in 0.13s ===============================
----------------------------------------------------------------------
Finished running script test

2022-09-14T10:33:34UTC - Running script test
----------------------------------------------------------------------
============================= test session starts ==============================
platform linux -- Python 3.9.13, pytest-7.1.3, pluggy-1.0.0
rootdir: /code
plugins: asyncio-0.19.0, web3-5.30.0, typeguard-2.13.3
asyncio: mode=strict
collected 1 item

src/contract_test.py .                                                   [100%]

=============================== warnings summary ===============================
../usr/local/lib/python3.9/site-packages/frozendict/__init__.py:16
  /usr/local/lib/python3.9/site-packages/frozendict/__init__.py:16: DeprecationWarning: Using or importing the ABCs from 'collections' instead of from 'collections.abc' is deprecated since Python 3.3, and in 3.10 it will stop working
    class frozendict(collections.Mapping):

-- Docs: https://docs.pytest.org/en/stable/how-to/capture-warnings.html
========================= 1 passed, 1 warning in 2.45s =========================
----------------------------------------------------------------------
Finished running script test

2022-09-14T10:34:50UTC - Running script test
----------------------------------------------------------------------
============================= test session starts ==============================
platform linux -- Python 3.9.13, pytest-7.1.3, pluggy-1.0.0
rootdir: /code
plugins: asyncio-0.19.0, web3-5.30.0, typeguard-2.13.3
asyncio: mode=strict
collected 1 item

src/contract_test.py F                                                   [100%]

=================================== FAILURES ===================================
____________________________ test_increase_balance _____________________________

    @pytest.mark.asyncio
    async def test_increase_balance():
        # Create a new Starknet class that simulates the StarkNet
        # system.
        starknet = await Starknet.empty()
    
        # Deploy the contract.
        contract = await starknet.deploy(
            source=CONTRACT_FILE,
        )
    
        # Invoke increase_balance() twice.
        await contract.increase_balance(amount=10).execute()
        await contract.increase_balance(amount=15).execute()
    
        # Check the result of get_balance().
        execution_info = await contract.get_balance().call()
>       assert execution_info.result == (251,)
E       assert get_balance_r...n_type(res=25) == (251,)
E         At index 0 diff: 25 != 251
E         Use -v to get more diff

src/contract_test.py:29: AssertionError
=============================== warnings summary ===============================
../usr/local/lib/python3.9/site-packages/frozendict/__init__.py:16
  /usr/local/lib/python3.9/site-packages/frozendict/__init__.py:16: DeprecationWarning: Using or importing the ABCs from 'collections' instead of from 'collections.abc' is deprecated since Python 3.3, and in 3.10 it will stop working
    class frozendict(collections.Mapping):

-- Docs: https://docs.pytest.org/en/stable/how-to/capture-warnings.html
=========================== short test summary info ============================
FAILED src/contract_test.py::test_increase_balance - assert get_balance_r...n...
========================= 1 failed, 1 warning in 2.30s =========================
----------------------------------------------------------------------
Finished running script test

2022-09-14T10:38:29UTC - Running script test
----------------------------------------------------------------------
============================= test session starts ==============================
platform linux -- Python 3.9.13, pytest-7.1.3, pluggy-1.0.0
rootdir: /code
plugins: asyncio-0.19.0, web3-5.30.0, typeguard-2.13.3
asyncio: mode=strict
collected 1 item

src/contract_test.py .                                                   [100%]

=============================== warnings summary ===============================
../usr/local/lib/python3.9/site-packages/frozendict/__init__.py:16
  /usr/local/lib/python3.9/site-packages/frozendict/__init__.py:16: DeprecationWarning: Using or importing the ABCs from 'collections' instead of from 'collections.abc' is deprecated since Python 3.3, and in 3.10 it will stop working
    class frozendict(collections.Mapping):

-- Docs: https://docs.pytest.org/en/stable/how-to/capture-warnings.html
========================= 1 passed, 1 warning in 2.42s =========================
----------------------------------------------------------------------
Finished running script test

2022-09-14T10:46:29UTC - Running script test
----------------------------------------------------------------------
----------------------------------------------------------------------
Finished running script test

2022-09-14T10:48:38UTC - Running script test
----------------------------------------------------------------------
============================= test session starts ==============================
platform linux -- Python 3.9.13, pytest-7.1.3, pluggy-1.0.0
rootdir: /code
plugins: asyncio-0.19.0, web3-5.30.0, typeguard-2.13.3
asyncio: mode=strict
collected 1 item

src/contract_test.py .                                                   [100%]

=============================== warnings summary ===============================
../usr/local/lib/python3.9/site-packages/frozendict/__init__.py:16
  /usr/local/lib/python3.9/site-packages/frozendict/__init__.py:16: DeprecationWarning: Using or importing the ABCs from 'collections' instead of from 'collections.abc' is deprecated since Python 3.3, and in 3.10 it will stop working
    class frozendict(collections.Mapping):

-- Docs: https://docs.pytest.org/en/stable/how-to/capture-warnings.html
========================= 1 passed, 1 warning in 2.35s =========================
----------------------------------------------------------------------
Finished running script test

2022-09-14T12:10:52UTC - Running script test
----------------------------------------------------------------------
============================= test session starts ==============================
platform linux -- Python 3.9.13, pytest-7.1.3, pluggy-1.0.0
rootdir: /code
plugins: asyncio-0.19.0, web3-5.30.0, typeguard-2.13.3
asyncio: mode=strict
collected 1 item

src/contract_test.py .                                                   [100%]

=============================== warnings summary ===============================
../usr/local/lib/python3.9/site-packages/frozendict/__init__.py:16
  /usr/local/lib/python3.9/site-packages/frozendict/__init__.py:16: DeprecationWarning: Using or importing the ABCs from 'collections' instead of from 'collections.abc' is deprecated since Python 3.3, and in 3.10 it will stop working
    class frozendict(collections.Mapping):

-- Docs: https://docs.pytest.org/en/stable/how-to/capture-warnings.html
========================= 1 passed, 1 warning in 2.35s =========================
----------------------------------------------------------------------
Finished running script test

2022-10-25T14:49:35UTC - Running script test
----------------------------------------------------------------------
============================= test session starts ==============================
platform linux -- Python 3.9.13, pytest-7.1.3, pluggy-1.0.0
rootdir: /code/src, configfile: pytest.ini
plugins: asyncio-0.19.0, web3-5.30.0, typeguard-2.13.3
asyncio: mode=strict
collected 1 item

src/contract_test.py .                                                   [100%]

============================== 1 passed in 2.81s ===============================
----------------------------------------------------------------------
Finished running script test

2022-10-25T14:52:07UTC - Running script test
----------------------------------------------------------------------
============================= test session starts ==============================
platform linux -- Python 3.9.13, pytest-7.1.3, pluggy-1.0.0
rootdir: /code/src, configfile: pytest.ini
plugins: asyncio-0.19.0, web3-5.30.0, typeguard-2.13.3
asyncio: mode=strict
collected 1 item

src/contract_test.py .                                                   [100%]

============================== 1 passed in 2.57s ===============================
----------------------------------------------------------------------
Finished running script test

2022-10-25T14:52:30UTC - Running script test
----------------------------------------------------------------------
============================= test session starts ==============================
platform linux -- Python 3.9.13, pytest-7.1.3, pluggy-1.0.0
rootdir: /code/src, configfile: pytest.ini
plugins: asyncio-0.19.0, web3-5.30.0, typeguard-2.13.3
asyncio: mode=strict
collected 1 item

src/contract_test.py .                                                   [100%]

============================== 1 passed in 2.36s ===============================
----------------------------------------------------------------------
Finished running script test
